Using pre-set license
Built from '2022.3/china_unity/release' branch; Version is '2022.3.62f1c1 (b0109b07edb8) revision 11538587'; Using compiler version '192829333'; Build Type 'Release'
OS: 'Windows 11  (10.0.26100) 64bit Professional' Language: 'zh' Physical Memory: 24494 MB
BatchMode: 1, IsHumanControllingUs: 0, StartBugReporterOnCrash: 0, Is64bit: 1, IsPro: 1

COMMAND LINE ARGUMENTS:
D:\RuanJian\2022.3.62f1c1\Editor\Unity.exe
-adb2
-batchMode
-noUpm
-name
AssetImportWorker1
-projectPath
D:/UnityProject/My project
-logFile
Logs/AssetImportWorker1.log
-srvPort
61362
Successfully changed project path to: D:/UnityProject/My project
D:/UnityProject/My project
[UnityMemory] Configuration Parameters - Can be set up in boot.config
    "memorysetup-bucket-allocator-granularity=16"
    "memorysetup-bucket-allocator-bucket-count=8"
    "memorysetup-bucket-allocator-block-size=33554432"
    "memorysetup-bucket-allocator-block-count=8"
    "memorysetup-main-allocator-block-size=16777216"
    "memorysetup-thread-allocator-block-size=16777216"
    "memorysetup-gfx-main-allocator-block-size=16777216"
    "memorysetup-gfx-thread-allocator-block-size=16777216"
    "memorysetup-cache-allocator-block-size=4194304"
    "memorysetup-typetree-allocator-block-size=2097152"
    "memorysetup-profiler-bucket-allocator-granularity=16"
    "memorysetup-profiler-bucket-allocator-bucket-count=8"
    "memorysetup-profiler-bucket-allocator-block-size=33554432"
    "memorysetup-profiler-bucket-allocator-block-count=8"
    "memorysetup-profiler-allocator-block-size=16777216"
    "memorysetup-profiler-editor-allocator-block-size=1048576"
    "memorysetup-temp-allocator-size-main=16777216"
    "memorysetup-job-temp-allocator-block-size=2097152"
    "memorysetup-job-temp-allocator-block-size-background=1048576"
    "memorysetup-job-temp-allocator-reduction-small-platforms=262144"
    "memorysetup-allocator-temp-initial-block-size-main=262144"
    "memorysetup-allocator-temp-initial-block-size-worker=262144"
    "memorysetup-temp-allocator-size-background-worker=32768"
    "memorysetup-temp-allocator-size-job-worker=262144"
    "memorysetup-temp-allocator-size-preload-manager=33554432"
    "memorysetup-temp-allocator-size-nav-mesh-worker=65536"
    "memorysetup-temp-allocator-size-audio-worker=65536"
    "memorysetup-temp-allocator-size-cloud-worker=32768"
    "memorysetup-temp-allocator-size-gi-baking-worker=262144"
    "memorysetup-temp-allocator-size-gfx=262144"
Player connection [26032]  Target information:

Player connection [26032]  * "[IP] 192.168.1.14 [Port] 0 [Flags] 2 [Guid] 3120076403 [EditorId] 3120076403 [Version] 1048832 [Id] WindowsEditor(7,DESKTOP-V3UURET) [Debug] 1 [PackageName] WindowsEditor [ProjectName] Editor" 

Player connection [26032]  * "[IP] 172.18.0.1 [Port] 0 [Flags] 2 [Guid] 3120076403 [EditorId] 3120076403 [Version] 1048832 [Id] WindowsEditor(7,DESKTOP-V3UURET) [Debug] 1 [PackageName] WindowsEditor [ProjectName] Editor" 

Player connection [26032] Host joined multi-casting on [225.0.0.222:54997]...
Player connection [26032] Host joined alternative multi-casting on [225.0.0.222:34997]...
Input System module state changed to: Initialized.
[PhysX] Initialized MultithreadedTaskDispatcher with 16 workers.
Refreshing native plugins compatible for Editor in 15.61 ms, found 3 plugins.
Preloading 0 native plugins for Editor in 0.00 ms.
Initialize engine version: 2022.3.62f1c1 (b0109b07edb8)
[Subsystems] Discovering subsystems at path D:/RuanJian/2022.3.62f1c1/Editor/Data/Resources/UnitySubsystems
[Subsystems] Discovering subsystems at path D:/UnityProject/My project/Assets
GfxDevice: creating device client; threaded=0; jobified=0
Direct3D:
    Version:  Direct3D 11.0 [level 11.1]
    Renderer: NVIDIA GeForce RTX 3060 Ti (ID=0x2486)
    Vendor:   NVIDIA
    VRAM:     8024 MB
    Driver:   32.0.15.8129
Initialize mono
Mono path[0] = 'D:/RuanJian/2022.3.62f1c1/Editor/Data/Managed'
Mono path[1] = 'D:/RuanJian/2022.3.62f1c1/Editor/Data/MonoBleedingEdge/lib/mono/unityjit-win32'
Mono config path = 'D:/RuanJian/2022.3.62f1c1/Editor/Data/MonoBleedingEdge/etc'
Using monoOptions --debugger-agent=transport=dt_socket,embedding=1,server=y,suspend=n,address=127.0.0.1:56312
Begin MonoManager ReloadAssembly
Registering precompiled unity dll's ...
Register platform support module: D:/RuanJian/2022.3.62f1c1/Editor/Data/PlaybackEngines/AndroidPlayer/UnityEditor.Android.Extensions.dll
Register platform support module: D:/RuanJian/2022.3.62f1c1/Editor/Data/PlaybackEngines/iOSSupport/UnityEditor.iOS.Extensions.dll
Register platform support module: D:/RuanJian/2022.3.62f1c1/Editor/Data/PlaybackEngines/WindowsStandaloneSupport/UnityEditor.WindowsStandalone.Extensions.dll
Registered in 0.009387 seconds.
- Loaded All Assemblies, in  0.319 seconds
Native extension for WindowsStandalone target not found
[usbmuxd] Start listen thread
[usbmuxd] Listen thread started
Native extension for iOS target not found
Native extension for Android target not found
Android Extension - Scanning For ADB Devices 363 ms
Mono: successfully reloaded assembly
- Finished resetting the current domain, in  0.669 seconds
Domain Reload Profiling: 987ms
	BeginReloadAssembly (88ms)
		ExecutionOrderSort (0ms)
		DisableScriptedObjects (0ms)
		BackupInstance (0ms)
		ReleaseScriptingObjects (0ms)
		CreateAndSetChildDomain (1ms)
	RebuildCommonClasses (30ms)
	RebuildNativeTypeToScriptingClass (10ms)
	initialDomainReloadingComplete (54ms)
	LoadAllAssembliesAndSetupDomain (136ms)
		LoadAssemblies (87ms)
		RebuildTransferFunctionScriptingTraits (0ms)
		AnalyzeDomain (134ms)
			TypeCache.Refresh (131ms)
				TypeCache.ScanAssembly (118ms)
			ScanForSourceGeneratedMonoScriptInfo (1ms)
			ResolveRequiredComponents (1ms)
	FinalizeReload (669ms)
		ReleaseScriptCaches (0ms)
		RebuildScriptCaches (0ms)
		SetupLoadedEditorAssemblies (617ms)
			LogAssemblyErrors (0ms)
			InitializePlatformSupportModulesInManaged (451ms)
			SetLoadedEditorAssemblies (4ms)
			RefreshPlugins (0ms)
			BeforeProcessingInitializeOnLoad (2ms)
			ProcessInitializeOnLoadAttributes (114ms)
			ProcessInitializeOnLoadMethodAttributes (46ms)
			AfterProcessingInitializeOnLoad (0ms)
			EditorAssembliesLoaded (0ms)
		ExecutionOrderSort2 (0ms)
		AwakeInstancesAfterBackupRestoration (0ms)
========================================================================
Worker process is ready to serve import requests
Caller must complete domain reload
Begin MonoManager ReloadAssembly
- Loaded All Assemblies, in  0.776 seconds
Native extension for WindowsStandalone target not found
Native extension for iOS target not found
Native extension for Android target not found
Mono: successfully reloaded assembly
- Finished resetting the current domain, in  0.960 seconds
Domain Reload Profiling: 1734ms
	BeginReloadAssembly (139ms)
		ExecutionOrderSort (0ms)
		DisableScriptedObjects (5ms)
		BackupInstance (0ms)
		ReleaseScriptingObjects (0ms)
		CreateAndSetChildDomain (21ms)
	RebuildCommonClasses (39ms)
	RebuildNativeTypeToScriptingClass (10ms)
	initialDomainReloadingComplete (43ms)
	LoadAllAssembliesAndSetupDomain (542ms)
		LoadAssemblies (309ms)
		RebuildTransferFunctionScriptingTraits (0ms)
		AnalyzeDomain (313ms)
			TypeCache.Refresh (267ms)
				TypeCache.ScanAssembly (247ms)
			ScanForSourceGeneratedMonoScriptInfo (32ms)
			ResolveRequiredComponents (12ms)
	FinalizeReload (961ms)
		ReleaseScriptCaches (0ms)
		RebuildScriptCaches (0ms)
		SetupLoadedEditorAssemblies (759ms)
			LogAssemblyErrors (0ms)
			InitializePlatformSupportModulesInManaged (37ms)
			SetLoadedEditorAssemblies (5ms)
			RefreshPlugins (0ms)
			BeforeProcessingInitializeOnLoad (88ms)
			ProcessInitializeOnLoadAttributes (563ms)
			ProcessInitializeOnLoadMethodAttributes (60ms)
			AfterProcessingInitializeOnLoad (5ms)
			EditorAssembliesLoaded (0ms)
		ExecutionOrderSort2 (0ms)
		AwakeInstancesAfterBackupRestoration (7ms)
WARNING: Shader Unsupported: 'Hidden/Universal Render Pipeline/Terrain/Lit (Base Pass)' - All subshaders removed
WARNING: Shader Did you use #pragma only_renderers and omit this platform?
WARNING: Shader If subshaders removal was intentional, you may have forgotten turning Fallback off?
WARNING: Shader Unsupported: 'Hidden/Universal Render Pipeline/Terrain/Lit (Base Pass)' - All subshaders removed
WARNING: Shader Did you use #pragma only_renderers and omit this platform?
WARNING: Shader If subshaders removal was intentional, you may have forgotten turning Fallback off?
WARNING: Shader Unsupported: 'Universal Render Pipeline/Terrain/Lit' - All subshaders removed
WARNING: Shader Did you use #pragma only_renderers and omit this platform?
WARNING: Shader If subshaders removal was intentional, you may have forgotten turning Fallback off?
WARNING: Shader Unsupported: 'Universal Render Pipeline/Terrain/Lit' - All subshaders removed
WARNING: Shader Did you use #pragma only_renderers and omit this platform?
WARNING: Shader If subshaders removal was intentional, you may have forgotten turning Fallback off?
Launched and connected shader compiler UnityShaderCompiler.exe after 0.07 seconds
Refreshing native plugins compatible for Editor in 3.76 ms, found 3 plugins.
Preloading 0 native plugins for Editor in 0.00 ms.
Unloading 6333 Unused Serialized files (Serialized files now loaded: 0)
Unloading 45 unused Assets / (1.6 MB). Loaded Objects now: 6794.
Memory consumption went from 232.5 MB to 231.0 MB.
Total: 5.390800 ms (FindLiveObjects: 0.487400 ms CreateObjectMapping: 0.496000 ms MarkObjects: 3.866400 ms  DeleteObjects: 0.539800 ms)

AssetImportParameters requested are different than current active one (requested -> active):
  custom:container-demuxer-ogg: 62fdf1f143b41e24485cea50d1cbac27 -> 
  custom:framework-win-MediaFoundation: 216162199b28c13a410421893ffa2e32 -> 
  custom:container-muxer-webm: aa71ff27fc2769a1b78a27578f13a17b -> 
  custom:video-decoder-webm-vp8: 9c59270c3fd7afecdb556c50c9e8de78 -> 
  custom:SearchIndexIgnoredProperties: e643bd26f0fe6173181afceb89e7c659 -> 
  custom:AudioImporter_EditorPlatform: d09bf68614088b80899f8185d706f6e7 -> 
  custom:audio-decoder-ogg-vorbis: bf7c407c2cedff20999df2af8eb42d56 -> 
  custom:audio-encoder-webm-vorbis: bf7c407c2cedff20999df2af8eb42d56 -> 
  custom:video-decoder-ogg-theora: a1e56fd34408186e4bbccfd4996cb3dc -> 
  custom:CustomObjectIndexerAttribute: 72b91833f83ae208fae7752999fa3104 -> 
  custom:container-demuxer-webm: 4f35f7cbe854078d1ac9338744f61a02 -> 
  custom:video-encoder-webm-vp8: eb34c28f22e8b96e1ab97ce403110664 -> 
========================================================================
Received Import Request.
  Time since last request: 26815.865324 seconds.
  path: Assets/Models/PolygonFantasyHeroCharacters/Prefabs/Characters_ModularParts_Static/Chr_ArmUpperLeft_Male_09_Static.prefab
  artifactKey: Guid(bb1a261c17302244f824f1770b99e51f) Importer(815301076,1909f56bfc062723c751e8b465ee728b)
Start importing Assets/Models/PolygonFantasyHeroCharacters/Prefabs/Characters_ModularParts_Static/Chr_ArmUpperLeft_Male_09_Static.prefab using Guid(bb1a261c17302244f824f1770b99e51f) Importer(815301076,1909f56bfc062723c751e8b465ee728b) [PhysX] Initialized MultithreadedTaskDispatcher with 16 workers.
[PhysX] Initialized MultithreadedTaskDispatcher with 16 workers.
 -> (artifact id: '584758502a6d0efdf65d0e521584fcb6') in 0.180611 seconds
Number of updated asset objects reloaded before import = 0
Number of asset objects unloaded after import = 27
========================================================================
Received Import Request.
  Time since last request: 0.000034 seconds.
  path: Assets/Models/PolygonFantasyHeroCharacters/Prefabs/Characters_ModularParts_Static/Chr_ArmLowerRight_Female_12_Static.prefab
  artifactKey: Guid(94cfff91c774e8d43a88e9874b4d0b01) Importer(815301076,1909f56bfc062723c751e8b465ee728b)
Start importing Assets/Models/PolygonFantasyHeroCharacters/Prefabs/Characters_ModularParts_Static/Chr_ArmLowerRight_Female_12_Static.prefab using Guid(94cfff91c774e8d43a88e9874b4d0b01) Importer(815301076,1909f56bfc062723c751e8b465ee728b) [PhysX] Initialized MultithreadedTaskDispatcher with 16 workers.
[PhysX] Initialized MultithreadedTaskDispatcher with 16 workers.
 -> (artifact id: '7b5142c24f926029c2134b5aee6ea789') in 0.037174 seconds
Number of updated asset objects reloaded before import = 0
Number of asset objects unloaded after import = 27
========================================================================
Received Import Request.
  Time since last request: 0.000014 seconds.
  path: Assets/Models/PolygonFantasyHeroCharacters/Prefabs/Characters_ModularParts_Static/Chr_ArmLowerRight_Female_09_Static.prefab
  artifactKey: Guid(831c7af18f949ef44a5676fc09bab35c) Importer(815301076,1909f56bfc062723c751e8b465ee728b)
Start importing Assets/Models/PolygonFantasyHeroCharacters/Prefabs/Characters_ModularParts_Static/Chr_ArmLowerRight_Female_09_Static.prefab using Guid(831c7af18f949ef44a5676fc09bab35c) Importer(815301076,1909f56bfc062723c751e8b465ee728b) [PhysX] Initialized MultithreadedTaskDispatcher with 16 workers.
[PhysX] Initialized MultithreadedTaskDispatcher with 16 workers.
 -> (artifact id: '923fd4e03eac448caa3da8874ada9bd9') in 0.043222 seconds
Number of updated asset objects reloaded before import = 0
Number of asset objects unloaded after import = 27
========================================================================
Received Import Request.
  Time since last request: 0.000015 seconds.
  path: Assets/Models/PolygonFantasyHeroCharacters/Prefabs/Characters_ModularParts_Static/Chr_ArmLowerRight_Female_10_Static.prefab
  artifactKey: Guid(43a296f639b8a8d428d0b1b6c820daac) Importer(815301076,1909f56bfc062723c751e8b465ee728b)
Start importing Assets/Models/PolygonFantasyHeroCharacters/Prefabs/Characters_ModularParts_Static/Chr_ArmLowerRight_Female_10_Static.prefab using Guid(43a296f639b8a8d428d0b1b6c820daac) Importer(815301076,1909f56bfc062723c751e8b465ee728b) [PhysX] Initialized MultithreadedTaskDispatcher with 16 workers.
[PhysX] Initialized MultithreadedTaskDispatcher with 16 workers.
 -> (artifact id: '26392e36861bfa9e256e269132650855') in 0.044351 seconds
Number of updated asset objects reloaded before import = 0
Number of asset objects unloaded after import = 27
========================================================================
Received Import Request.
  Time since last request: 0.000031 seconds.
  path: Assets/Models/PolygonFantasyHeroCharacters/Prefabs/Characters_ModularParts_Static/Chr_ArmLowerRight_Female_11_Static.prefab
  artifactKey: Guid(e22480cc6d8dad94bb3faef0d07dd337) Importer(815301076,1909f56bfc062723c751e8b465ee728b)
Start importing Assets/Models/PolygonFantasyHeroCharacters/Prefabs/Characters_ModularParts_Static/Chr_ArmLowerRight_Female_11_Static.prefab using Guid(e22480cc6d8dad94bb3faef0d07dd337) Importer(815301076,1909f56bfc062723c751e8b465ee728b) [PhysX] Initialized MultithreadedTaskDispatcher with 16 workers.
[PhysX] Initialized MultithreadedTaskDispatcher with 16 workers.
 -> (artifact id: 'bbfc4e55abb07a9e76d786038dd494d6') in 0.069732 seconds
Number of updated asset objects reloaded before import = 0
Number of asset objects unloaded after import = 27
========================================================================
Received Import Request.
  Time since last request: 0.000017 seconds.
  path: Assets/Models/PolygonFantasyHeroCharacters/Prefabs/Characters_ModularParts_Static/Chr_ArmLowerRight_Female_16_Static.prefab
  artifactKey: Guid(455baf03ece130e4faa41b9dbd45944b) Importer(815301076,1909f56bfc062723c751e8b465ee728b)
Start importing Assets/Models/PolygonFantasyHeroCharacters/Prefabs/Characters_ModularParts_Static/Chr_ArmLowerRight_Female_16_Static.prefab using Guid(455baf03ece130e4faa41b9dbd45944b) Importer(815301076,1909f56bfc062723c751e8b465ee728b) [PhysX] Initialized MultithreadedTaskDispatcher with 16 workers.
[PhysX] Initialized MultithreadedTaskDispatcher with 16 workers.
 -> (artifact id: 'e240d22c59f8cfef290cb5e3a4c480e2') in 0.046149 seconds
Number of updated asset objects reloaded before import = 0
Number of asset objects unloaded after import = 27
========================================================================
Received Import Request.
  Time since last request: 0.000028 seconds.
  path: Assets/Models/PolygonFantasyHeroCharacters/Prefabs/Characters_ModularParts_Static/Chr_ArmLowerLeft_Male_17_Static.prefab
  artifactKey: Guid(186abaecabee34c41950133dd95147ad) Importer(815301076,1909f56bfc062723c751e8b465ee728b)
Start importing Assets/Models/PolygonFantasyHeroCharacters/Prefabs/Characters_ModularParts_Static/Chr_ArmLowerLeft_Male_17_Static.prefab using Guid(186abaecabee34c41950133dd95147ad) Importer(815301076,1909f56bfc062723c751e8b465ee728b) [PhysX] Initialized MultithreadedTaskDispatcher with 16 workers.
[PhysX] Initialized MultithreadedTaskDispatcher with 16 workers.
 -> (artifact id: '2940fedc6438f206e2d335e9640304f5') in 0.036358 seconds
Number of updated asset objects reloaded before import = 0
Number of asset objects unloaded after import = 27
========================================================================
Received Import Request.
  Time since last request: 0.000018 seconds.
  path: Assets/Models/PolygonFantasyHeroCharacters/Prefabs/Characters_ModularParts_Static/Chr_ArmUpperLeft_Female_12_Static.prefab
  artifactKey: Guid(aa159ea8a6d76e54faf246726c56f6a8) Importer(815301076,1909f56bfc062723c751e8b465ee728b)
Start importing Assets/Models/PolygonFantasyHeroCharacters/Prefabs/Characters_ModularParts_Static/Chr_ArmUpperLeft_Female_12_Static.prefab using Guid(aa159ea8a6d76e54faf246726c56f6a8) Importer(815301076,1909f56bfc062723c751e8b465ee728b) [PhysX] Initialized MultithreadedTaskDispatcher with 16 workers.
[PhysX] Initialized MultithreadedTaskDispatcher with 16 workers.
 -> (artifact id: 'bd3faf30533982a6e7f9c2476da6e388') in 0.029875 seconds
Number of updated asset objects reloaded before import = 0
Number of asset objects unloaded after import = 27
========================================================================
Received Import Request.
  Time since last request: 0.000018 seconds.
  path: Assets/Models/PolygonFantasyHeroCharacters/Prefabs/Characters_ModularParts_Static/Chr_ArmUpperLeft_Male_13_Static.prefab
  artifactKey: Guid(84c3e6974f086f247b5318567eaf92f7) Importer(815301076,1909f56bfc062723c751e8b465ee728b)
Start importing Assets/Models/PolygonFantasyHeroCharacters/Prefabs/Characters_ModularParts_Static/Chr_ArmUpperLeft_Male_13_Static.prefab using Guid(84c3e6974f086f247b5318567eaf92f7) Importer(815301076,1909f56bfc062723c751e8b465ee728b) [PhysX] Initialized MultithreadedTaskDispatcher with 16 workers.
[PhysX] Initialized MultithreadedTaskDispatcher with 16 workers.
 -> (artifact id: '85e2d7b5c98bcbcfc7829010df07c30a') in 0.053450 seconds
Number of updated asset objects reloaded before import = 0
Number of asset objects unloaded after import = 27
========================================================================
Received Import Request.
  Time since last request: 0.000017 seconds.
  path: Assets/Models/PolygonFantasyHeroCharacters/Prefabs/Characters_ModularParts_Static/Chr_ArmLowerRight_Female_06_Static.prefab
  artifactKey: Guid(6d15ff3827c6132408a99c226d2d1da7) Importer(815301076,1909f56bfc062723c751e8b465ee728b)
Start importing Assets/Models/PolygonFantasyHeroCharacters/Prefabs/Characters_ModularParts_Static/Chr_ArmLowerRight_Female_06_Static.prefab using Guid(6d15ff3827c6132408a99c226d2d1da7) Importer(815301076,1909f56bfc062723c751e8b465ee728b) [PhysX] Initialized MultithreadedTaskDispatcher with 16 workers.
[PhysX] Initialized MultithreadedTaskDispatcher with 16 workers.
 -> (artifact id: '0ee1e1f3b32201ccf58553241508c973') in 0.087697 seconds
Number of updated asset objects reloaded before import = 0
Number of asset objects unloaded after import = 27
========================================================================
Received Import Request.
  Time since last request: 0.000036 seconds.
  path: Assets/Models/PolygonFantasyHeroCharacters/Prefabs/Characters_ModularParts_Static/Chr_ArmUpperLeft_Female_13_Static.prefab
  artifactKey: Guid(e6c436b5cd6d0db41ac8e2a83ef52108) Importer(815301076,1909f56bfc062723c751e8b465ee728b)
Start importing Assets/Models/PolygonFantasyHeroCharacters/Prefabs/Characters_ModularParts_Static/Chr_ArmUpperLeft_Female_13_Static.prefab using Guid(e6c436b5cd6d0db41ac8e2a83ef52108) Importer(815301076,1909f56bfc062723c751e8b465ee728b) [PhysX] Initialized MultithreadedTaskDispatcher with 16 workers.
[PhysX] Initialized MultithreadedTaskDispatcher with 16 workers.
 -> (artifact id: 'c0016ff7b51573f9fe6c417ed5877014') in 0.017988 seconds
Number of updated asset objects reloaded before import = 0
Number of asset objects unloaded after import = 27
========================================================================
Received Import Request.
  Time since last request: 0.000031 seconds.
  path: Assets/Models/PolygonFantasyHeroCharacters/Prefabs/Characters_ModularParts_Static/Chr_ArmLowerLeft_Male_05_Static.prefab
  artifactKey: Guid(a1504279b5153c847a62629bca19dd8a) Importer(815301076,1909f56bfc062723c751e8b465ee728b)
Start importing Assets/Models/PolygonFantasyHeroCharacters/Prefabs/Characters_ModularParts_Static/Chr_ArmLowerLeft_Male_05_Static.prefab using Guid(a1504279b5153c847a62629bca19dd8a) Importer(815301076,1909f56bfc062723c751e8b465ee728b) [PhysX] Initialized MultithreadedTaskDispatcher with 16 workers.
[PhysX] Initialized MultithreadedTaskDispatcher with 16 workers.
 -> (artifact id: '58deff64ab48590c3c1e3e159b05f8fa') in 0.019085 seconds
Number of updated asset objects reloaded before import = 0
Number of asset objects unloaded after import = 27
========================================================================
Received Import Request.
  Time since last request: 0.000017 seconds.
  path: Assets/Models/PolygonFantasyHeroCharacters/Prefabs/Characters_ModularParts_Static/Chr_ArmUpperLeft_Male_01_Static.prefab
  artifactKey: Guid(431ba49cd3e30604e8c0166879cd05e1) Importer(815301076,1909f56bfc062723c751e8b465ee728b)
Start importing Assets/Models/PolygonFantasyHeroCharacters/Prefabs/Characters_ModularParts_Static/Chr_ArmUpperLeft_Male_01_Static.prefab using Guid(431ba49cd3e30604e8c0166879cd05e1) Importer(815301076,1909f56bfc062723c751e8b465ee728b) [PhysX] Initialized MultithreadedTaskDispatcher with 16 workers.
[PhysX] Initialized MultithreadedTaskDispatcher with 16 workers.
 -> (artifact id: '316447ab71de0f5ddd0c58c8b3869db1') in 0.038794 seconds
Number of updated asset objects reloaded before import = 0
Number of asset objects unloaded after import = 27
========================================================================
Received Import Request.
  Time since last request: 0.000039 seconds.
  path: Assets/Models/PolygonFantasyHeroCharacters/Prefabs/Characters_ModularParts_Static/Chr_ArmLowerLeft_Male_18_Static.prefab
  artifactKey: Guid(46bf9f88b81c25d4eac45ed65d478866) Importer(815301076,1909f56bfc062723c751e8b465ee728b)
Start importing Assets/Models/PolygonFantasyHeroCharacters/Prefabs/Characters_ModularParts_Static/Chr_ArmLowerLeft_Male_18_Static.prefab using Guid(46bf9f88b81c25d4eac45ed65d478866) Importer(815301076,1909f56bfc062723c751e8b465ee728b) [PhysX] Initialized MultithreadedTaskDispatcher with 16 workers.
[PhysX] Initialized MultithreadedTaskDispatcher with 16 workers.
 -> (artifact id: '202292307ce6ccd1609c46e1c9fc78a8') in 0.021738 seconds
Number of updated asset objects reloaded before import = 0
Number of asset objects unloaded after import = 27
========================================================================
Received Import Request.
  Time since last request: 0.000018 seconds.
  path: Assets/Models/PolygonFantasyHeroCharacters/Prefabs/Characters_ModularParts_Static/Chr_ArmUpperLeft_Male_04_Static.prefab
  artifactKey: Guid(2116e2f2395226b478ed5d3025d2fa7f) Importer(815301076,1909f56bfc062723c751e8b465ee728b)
Start importing Assets/Models/PolygonFantasyHeroCharacters/Prefabs/Characters_ModularParts_Static/Chr_ArmUpperLeft_Male_04_Static.prefab using Guid(2116e2f2395226b478ed5d3025d2fa7f) Importer(815301076,1909f56bfc062723c751e8b465ee728b) [PhysX] Initialized MultithreadedTaskDispatcher with 16 workers.
[PhysX] Initialized MultithreadedTaskDispatcher with 16 workers.
 -> (artifact id: 'f7188f19dfbd6f5b942121a642b52d21') in 0.021523 seconds
Number of updated asset objects reloaded before import = 0
Number of asset objects unloaded after import = 27
========================================================================
Received Import Request.
  Time since last request: 0.000016 seconds.
  path: Assets/Models/PolygonFantasyHeroCharacters/Prefabs/Characters_ModularParts_Static/Chr_ArmUpperLeft_Male_05_Static.prefab
  artifactKey: Guid(86ed8853df0427a47b603220e885727d) Importer(815301076,1909f56bfc062723c751e8b465ee728b)
Start importing Assets/Models/PolygonFantasyHeroCharacters/Prefabs/Characters_ModularParts_Static/Chr_ArmUpperLeft_Male_05_Static.prefab using Guid(86ed8853df0427a47b603220e885727d) Importer(815301076,1909f56bfc062723c751e8b465ee728b) [PhysX] Initialized MultithreadedTaskDispatcher with 16 workers.
[PhysX] Initialized MultithreadedTaskDispatcher with 16 workers.
 -> (artifact id: '71216c2ffa58c0979d4e30e5e8fefb89') in 0.023560 seconds
Number of updated asset objects reloaded before import = 0
Number of asset objects unloaded after import = 27
========================================================================
Received Import Request.
  Time since last request: 0.000021 seconds.
  path: Assets/Models/PolygonFantasyHeroCharacters/Prefabs/Characters_ModularParts_Static/Chr_ArmLowerRight_Female_03_Static.prefab
  artifactKey: Guid(9115e81122a340a4e8d5f2746306c169) Importer(815301076,1909f56bfc062723c751e8b465ee728b)
Start importing Assets/Models/PolygonFantasyHeroCharacters/Prefabs/Characters_ModularParts_Static/Chr_ArmLowerRight_Female_03_Static.prefab using Guid(9115e81122a340a4e8d5f2746306c169) Importer(815301076,1909f56bfc062723c751e8b465ee728b) [PhysX] Initialized MultithreadedTaskDispatcher with 16 workers.
[PhysX] Initialized MultithreadedTaskDispatcher with 16 workers.
 -> (artifact id: 'e476746310991428bf4438703ef335a9') in 0.021983 seconds
Number of updated asset objects reloaded before import = 0
Number of asset objects unloaded after import = 27
========================================================================
Received Import Request.
  Time since last request: 0.000019 seconds.
  path: Assets/Models/PolygonFantasyHeroCharacters/Prefabs/Characters_ModularParts_Static/Chr_ArmLowerRight_Female_14_Static.prefab
  artifactKey: Guid(e25a598d7f6952145b8fb539b0933d58) Importer(815301076,1909f56bfc062723c751e8b465ee728b)
Start importing Assets/Models/PolygonFantasyHeroCharacters/Prefabs/Characters_ModularParts_Static/Chr_ArmLowerRight_Female_14_Static.prefab using Guid(e25a598d7f6952145b8fb539b0933d58) Importer(815301076,1909f56bfc062723c751e8b465ee728b) [PhysX] Initialized MultithreadedTaskDispatcher with 16 workers.
[PhysX] Initialized MultithreadedTaskDispatcher with 16 workers.
 -> (artifact id: 'f555b88576fb148e134d089c11ef9dfa') in 0.017490 seconds
Number of updated asset objects reloaded before import = 0
Number of asset objects unloaded after import = 27
========================================================================
Received Import Request.
  Time since last request: 0.000040 seconds.
  path: Assets/Models/PolygonFantasyHeroCharacters/Prefabs/Characters_ModularParts_Static/Chr_ArmUpperLeft_Female_18_Static.prefab
  artifactKey: Guid(f3aa9bb4acc1355409b4b108163b129e) Importer(815301076,1909f56bfc062723c751e8b465ee728b)
Start importing Assets/Models/PolygonFantasyHeroCharacters/Prefabs/Characters_ModularParts_Static/Chr_ArmUpperLeft_Female_18_Static.prefab using Guid(f3aa9bb4acc1355409b4b108163b129e) Importer(815301076,1909f56bfc062723c751e8b465ee728b) [PhysX] Initialized MultithreadedTaskDispatcher with 16 workers.
[PhysX] Initialized MultithreadedTaskDispatcher with 16 workers.
 -> (artifact id: '6151efec2a40f1de662065a35edc5fc7') in 0.021466 seconds
Number of updated asset objects reloaded before import = 0
Number of asset objects unloaded after import = 27
========================================================================
Received Import Request.
  Time since last request: 0.000022 seconds.
  path: Assets/Models/PolygonFantasyHeroCharacters/Prefabs/Characters_ModularParts_Static/Chr_ArmUpperLeft_Female_16_Static.prefab
  artifactKey: Guid(256f744345a6c6f4999e8bc9b4c18527) Importer(815301076,1909f56bfc062723c751e8b465ee728b)
Start importing Assets/Models/PolygonFantasyHeroCharacters/Prefabs/Characters_ModularParts_Static/Chr_ArmUpperLeft_Female_16_Static.prefab using Guid(256f744345a6c6f4999e8bc9b4c18527) Importer(815301076,1909f56bfc062723c751e8b465ee728b) [PhysX] Initialized MultithreadedTaskDispatcher with 16 workers.
[PhysX] Initialized MultithreadedTaskDispatcher with 16 workers.
 -> (artifact id: 'b9d02e4c5477e0dc6aef6ca1fd33b83d') in 0.040876 seconds
Number of updated asset objects reloaded before import = 0
Number of asset objects unloaded after import = 27
========================================================================
Received Import Request.
  Time since last request: 0.000017 seconds.
  path: Assets/Models/PolygonFantasyHeroCharacters/Prefabs/Characters_ModularParts_Static/Chr_ArmUpperLeft_Male_08_Static.prefab
  artifactKey: Guid(4e768fbcc44d82f41b876e97ee80377a) Importer(815301076,1909f56bfc062723c751e8b465ee728b)
Start importing Assets/Models/PolygonFantasyHeroCharacters/Prefabs/Characters_ModularParts_Static/Chr_ArmUpperLeft_Male_08_Static.prefab using Guid(4e768fbcc44d82f41b876e97ee80377a) Importer(815301076,1909f56bfc062723c751e8b465ee728b) [PhysX] Initialized MultithreadedTaskDispatcher with 16 workers.
[PhysX] Initialized MultithreadedTaskDispatcher with 16 workers.
 -> (artifact id: 'ec08f4c93f7da8f55d5a26baf3d1dc74') in 0.019322 seconds
Number of updated asset objects reloaded before import = 0
Number of asset objects unloaded after import = 27
========================================================================
Received Import Request.
  Time since last request: 0.000015 seconds.
  path: Assets/Models/PolygonFantasyHeroCharacters/Prefabs/Characters_ModularParts_Static/Chr_ArmLowerRight_Female_07_Static.prefab
  artifactKey: Guid(9c1206e20e8a47d4f83e4fba1f0cab4a) Importer(815301076,1909f56bfc062723c751e8b465ee728b)
Start importing Assets/Models/PolygonFantasyHeroCharacters/Prefabs/Characters_ModularParts_Static/Chr_ArmLowerRight_Female_07_Static.prefab using Guid(9c1206e20e8a47d4f83e4fba1f0cab4a) Importer(815301076,1909f56bfc062723c751e8b465ee728b) [PhysX] Initialized MultithreadedTaskDispatcher with 16 workers.
[PhysX] Initialized MultithreadedTaskDispatcher with 16 workers.
 -> (artifact id: '39aae1e6802c75b7eec1e9fa69d3d678') in 0.049077 seconds
Number of updated asset objects reloaded before import = 0
Number of asset objects unloaded after import = 27
========================================================================
Received Import Request.
  Time since last request: 0.000024 seconds.
  path: Assets/Models/PolygonFantasyHeroCharacters/Prefabs/Characters_ModularParts_Static/Chr_ArmUpperLeft_Female_15_Static.prefab
  artifactKey: Guid(8e72444689dfdc5448c97e7b5273c523) Importer(815301076,1909f56bfc062723c751e8b465ee728b)
Start importing Assets/Models/PolygonFantasyHeroCharacters/Prefabs/Characters_ModularParts_Static/Chr_ArmUpperLeft_Female_15_Static.prefab using Guid(8e72444689dfdc5448c97e7b5273c523) Importer(815301076,1909f56bfc062723c751e8b465ee728b) [PhysX] Initialized MultithreadedTaskDispatcher with 16 workers.
[PhysX] Initialized MultithreadedTaskDispatcher with 16 workers.
 -> (artifact id: '159526a4f054043011b040dfca3bf9f6') in 0.029583 seconds
Number of updated asset objects reloaded before import = 0
Number of asset objects unloaded after import = 27
========================================================================
Received Import Request.
  Time since last request: 0.601377 seconds.
  path: Assets/Models/PolygonFantasyHeroCharacters/Prefabs/Characters_ModularParts_Static/Chr_ArmUpperLeft_Male_15_Static.prefab
  artifactKey: Guid(9cadd89fcb27fa649aa6c9970a9d6d47) Importer(815301076,1909f56bfc062723c751e8b465ee728b)
Start importing Assets/Models/PolygonFantasyHeroCharacters/Prefabs/Characters_ModularParts_Static/Chr_ArmUpperLeft_Male_15_Static.prefab using Guid(9cadd89fcb27fa649aa6c9970a9d6d47) Importer(815301076,1909f56bfc062723c751e8b465ee728b) [PhysX] Initialized MultithreadedTaskDispatcher with 16 workers.
[PhysX] Initialized MultithreadedTaskDispatcher with 16 workers.
 -> (artifact id: 'd0738567dee47b2e330e9185476133b8') in 0.208043 seconds
Number of updated asset objects reloaded before import = 0
Number of asset objects unloaded after import = 27
========================================================================
Received Import Request.
  Time since last request: 0.000021 seconds.
  path: Assets/Models/PolygonFantasyHeroCharacters/Prefabs/Characters_ModularParts_Static/Chr_ArmUpperLeft_Male_17_Static.prefab
  artifactKey: Guid(a358aa414574da948b2cd33877f73e61) Importer(815301076,1909f56bfc062723c751e8b465ee728b)
Start importing Assets/Models/PolygonFantasyHeroCharacters/Prefabs/Characters_ModularParts_Static/Chr_ArmUpperLeft_Male_17_Static.prefab using Guid(a358aa414574da948b2cd33877f73e61) Importer(815301076,1909f56bfc062723c751e8b465ee728b) [PhysX] Initialized MultithreadedTaskDispatcher with 16 workers.
[PhysX] Initialized MultithreadedTaskDispatcher with 16 workers.
 -> (artifact id: 'e955a438ee3c40ddd5e817d76a845a8d') in 0.097184 seconds
Number of updated asset objects reloaded before import = 0
Number of asset objects unloaded after import = 27
========================================================================
Received Import Request.
  Time since last request: 0.000023 seconds.
  path: Assets/Models/PolygonFantasyHeroCharacters/Prefabs/Characters_ModularParts_Static/Chr_ArmUpperLeft_Male_19_Static.prefab
  artifactKey: Guid(da3aa022eec4c98439c9d98e6fa66ebd) Importer(815301076,1909f56bfc062723c751e8b465ee728b)
Start importing Assets/Models/PolygonFantasyHeroCharacters/Prefabs/Characters_ModularParts_Static/Chr_ArmUpperLeft_Male_19_Static.prefab using Guid(da3aa022eec4c98439c9d98e6fa66ebd) Importer(815301076,1909f56bfc062723c751e8b465ee728b) [PhysX] Initialized MultithreadedTaskDispatcher with 16 workers.
[PhysX] Initialized MultithreadedTaskDispatcher with 16 workers.
 -> (artifact id: 'e6d0cf73803a2af643938fd9c3b25c5e') in 0.058616 seconds
Number of updated asset objects reloaded before import = 0
Number of asset objects unloaded after import = 27
========================================================================
Received Import Request.
  Time since last request: 0.000022 seconds.
  path: Assets/Models/PolygonFantasyHeroCharacters/Prefabs/Characters_ModularParts_Static/Chr_ArmUpperRight_Female_00_Static.prefab
  artifactKey: Guid(a16edcfaa1bfb704c8340af91f3a56de) Importer(815301076,1909f56bfc062723c751e8b465ee728b)
Start importing Assets/Models/PolygonFantasyHeroCharacters/Prefabs/Characters_ModularParts_Static/Chr_ArmUpperRight_Female_00_Static.prefab using Guid(a16edcfaa1bfb704c8340af91f3a56de) Importer(815301076,1909f56bfc062723c751e8b465ee728b) [PhysX] Initialized MultithreadedTaskDispatcher with 16 workers.
[PhysX] Initialized MultithreadedTaskDispatcher with 16 workers.
 -> (artifact id: '39568a98659626d8c9234c039df04f71') in 0.060105 seconds
Number of updated asset objects reloaded before import = 0
Number of asset objects unloaded after import = 27
========================================================================
Received Import Request.
  Time since last request: 0.000026 seconds.
  path: Assets/Models/PolygonFantasyHeroCharacters/Prefabs/Characters_ModularParts_Static/Chr_ArmUpperLeft_Male_20_Static.prefab
  artifactKey: Guid(37346b0632d93ac49a031f6042e01d74) Importer(815301076,1909f56bfc062723c751e8b465ee728b)
Start importing Assets/Models/PolygonFantasyHeroCharacters/Prefabs/Characters_ModularParts_Static/Chr_ArmUpperLeft_Male_20_Static.prefab using Guid(37346b0632d93ac49a031f6042e01d74) Importer(815301076,1909f56bfc062723c751e8b465ee728b) [PhysX] Initialized MultithreadedTaskDispatcher with 16 workers.
[PhysX] Initialized MultithreadedTaskDispatcher with 16 workers.
 -> (artifact id: '930165c68d9c2a6880ffb160dc9cdc92') in 0.061698 seconds
Number of updated asset objects reloaded before import = 0
Number of asset objects unloaded after import = 27
========================================================================
Received Import Request.
  Time since last request: 0.078081 seconds.
  path: Assets/Models/PolygonFantasyHeroCharacters/Prefabs/Characters_ModularParts_Static/Chr_ArmUpperRight_Female_05_Static.prefab
  artifactKey: Guid(981b8e75ba4af9444828be069e2649a2) Importer(815301076,1909f56bfc062723c751e8b465ee728b)
Start importing Assets/Models/PolygonFantasyHeroCharacters/Prefabs/Characters_ModularParts_Static/Chr_ArmUpperRight_Female_05_Static.prefab using Guid(981b8e75ba4af9444828be069e2649a2) Importer(815301076,1909f56bfc062723c751e8b465ee728b) [PhysX] Initialized MultithreadedTaskDispatcher with 16 workers.
[PhysX] Initialized MultithreadedTaskDispatcher with 16 workers.
 -> (artifact id: '822bbc047b337aa888d995c5b27ddc02') in 0.046284 seconds
Number of updated asset objects reloaded before import = 0
Number of asset objects unloaded after import = 27
========================================================================
Received Import Request.
  Time since last request: 0.000016 seconds.
  path: Assets/Models/PolygonFantasyHeroCharacters/Prefabs/Characters_ModularParts_Static/Chr_ArmUpperRight_Female_09_Static.prefab
  artifactKey: Guid(2e7eec6b335d648438d85adc5082a644) Importer(815301076,1909f56bfc062723c751e8b465ee728b)
Start importing Assets/Models/PolygonFantasyHeroCharacters/Prefabs/Characters_ModularParts_Static/Chr_ArmUpperRight_Female_09_Static.prefab using Guid(2e7eec6b335d648438d85adc5082a644) Importer(815301076,1909f56bfc062723c751e8b465ee728b) [PhysX] Initialized MultithreadedTaskDispatcher with 16 workers.
[PhysX] Initialized MultithreadedTaskDispatcher with 16 workers.
 -> (artifact id: '4f0a1d98056d5e829765f4530ada6722') in 0.022624 seconds
Number of updated asset objects reloaded before import = 0
Number of asset objects unloaded after import = 27
========================================================================
Received Import Request.
  Time since last request: 0.000042 seconds.
  path: Assets/Models/PolygonFantasyHeroCharacters/Prefabs/Characters_ModularParts_Static/Chr_ArmUpperRight_Female_08_Static.prefab
  artifactKey: Guid(9d2001b5e3e61e147b48f5c7a78c297d) Importer(815301076,1909f56bfc062723c751e8b465ee728b)
Start importing Assets/Models/PolygonFantasyHeroCharacters/Prefabs/Characters_ModularParts_Static/Chr_ArmUpperRight_Female_08_Static.prefab using Guid(9d2001b5e3e61e147b48f5c7a78c297d) Importer(815301076,1909f56bfc062723c751e8b465ee728b) [PhysX] Initialized MultithreadedTaskDispatcher with 16 workers.
[PhysX] Initialized MultithreadedTaskDispatcher with 16 workers.
 -> (artifact id: 'cf62f3496dfd96a8a61be94a7b2aa446') in 0.047656 seconds
Number of updated asset objects reloaded before import = 0
Number of asset objects unloaded after import = 27
========================================================================
Received Import Request.
  Time since last request: 0.149989 seconds.
  path: Assets/Models/PolygonFantasyHeroCharacters/Prefabs/Characters_ModularParts_Static/Chr_ArmUpperRight_Female_13_Static.prefab
  artifactKey: Guid(469d71fecc3c7b34e88ac7a2995a2411) Importer(815301076,1909f56bfc062723c751e8b465ee728b)
Start importing Assets/Models/PolygonFantasyHeroCharacters/Prefabs/Characters_ModularParts_Static/Chr_ArmUpperRight_Female_13_Static.prefab using Guid(469d71fecc3c7b34e88ac7a2995a2411) Importer(815301076,1909f56bfc062723c751e8b465ee728b) [PhysX] Initialized MultithreadedTaskDispatcher with 16 workers.
[PhysX] Initialized MultithreadedTaskDispatcher with 16 workers.
 -> (artifact id: 'b4aa2289be025e3e09af92c48305f17d') in 0.058961 seconds
Number of updated asset objects reloaded before import = 0
Number of asset objects unloaded after import = 27
========================================================================
Received Import Request.
  Time since last request: 0.000032 seconds.
  path: Assets/Models/PolygonFantasyHeroCharacters/Prefabs/Characters_ModularParts_Static/Chr_ArmUpperRight_Female_15_Static.prefab
  artifactKey: Guid(097eec31944e2694fa1fc36e0af3c9b8) Importer(815301076,1909f56bfc062723c751e8b465ee728b)
Start importing Assets/Models/PolygonFantasyHeroCharacters/Prefabs/Characters_ModularParts_Static/Chr_ArmUpperRight_Female_15_Static.prefab using Guid(097eec31944e2694fa1fc36e0af3c9b8) Importer(815301076,1909f56bfc062723c751e8b465ee728b) [PhysX] Initialized MultithreadedTaskDispatcher with 16 workers.
[PhysX] Initialized MultithreadedTaskDispatcher with 16 workers.
 -> (artifact id: '727c16538b1d94bd69c60c55c4fc5845') in 0.056215 seconds
Number of updated asset objects reloaded before import = 0
Number of asset objects unloaded after import = 27
========================================================================
Received Import Request.
  Time since last request: 1.320831 seconds.
  path: Assets/Models/PolygonFantasyHeroCharacters/Prefabs/Characters_ModularParts_Static/Chr_ArmUpperRight_Female_20_Static.prefab
  artifactKey: Guid(a354d20b8fa9d7a4d8a3e7f8b0b6ebbc) Importer(815301076,1909f56bfc062723c751e8b465ee728b)
Start importing Assets/Models/PolygonFantasyHeroCharacters/Prefabs/Characters_ModularParts_Static/Chr_ArmUpperRight_Female_20_Static.prefab using Guid(a354d20b8fa9d7a4d8a3e7f8b0b6ebbc) Importer(815301076,1909f56bfc062723c751e8b465ee728b) [PhysX] Initialized MultithreadedTaskDispatcher with 16 workers.
[PhysX] Initialized MultithreadedTaskDispatcher with 16 workers.
 -> (artifact id: '03932e0475cd6c84203f38d12314b393') in 0.203072 seconds
Number of updated asset objects reloaded before import = 0
Number of asset objects unloaded after import = 27
========================================================================
Received Import Request.
  Time since last request: 0.031262 seconds.
  path: Assets/Models/PolygonFantasyHeroCharacters/Prefabs/Characters_ModularParts_Static/Chr_ArmUpperRight_Male_04_Static.prefab
  artifactKey: Guid(466ffdc4885f3cd47b382f0b86306db2) Importer(815301076,1909f56bfc062723c751e8b465ee728b)
Start importing Assets/Models/PolygonFantasyHeroCharacters/Prefabs/Characters_ModularParts_Static/Chr_ArmUpperRight_Male_04_Static.prefab using Guid(466ffdc4885f3cd47b382f0b86306db2) Importer(815301076,1909f56bfc062723c751e8b465ee728b) [PhysX] Initialized MultithreadedTaskDispatcher with 16 workers.
[PhysX] Initialized MultithreadedTaskDispatcher with 16 workers.
 -> (artifact id: 'babd91516542c07434f15dd600355796') in 0.199895 seconds
Number of updated asset objects reloaded before import = 0
Number of asset objects unloaded after import = 27
========================================================================
Received Import Request.
  Time since last request: 0.000017 seconds.
  path: Assets/Models/PolygonFantasyHeroCharacters/Prefabs/Characters_ModularParts_Static/Chr_BackAttachment_01_Static.prefab
  artifactKey: Guid(001c79d88f696944684a91cd13c6a1a3) Importer(815301076,1909f56bfc062723c751e8b465ee728b)
Start importing Assets/Models/PolygonFantasyHeroCharacters/Prefabs/Characters_ModularParts_Static/Chr_BackAttachment_01_Static.prefab using Guid(001c79d88f696944684a91cd13c6a1a3) Importer(815301076,1909f56bfc062723c751e8b465ee728b) [PhysX] Initialized MultithreadedTaskDispatcher with 16 workers.
[PhysX] Initialized MultithreadedTaskDispatcher with 16 workers.
 -> (artifact id: 'fee4b3dd59fb3a258aa3a7b47699f3aa') in 0.077006 seconds
Number of updated asset objects reloaded before import = 0
Number of asset objects unloaded after import = 27
========================================================================
Received Import Request.
  Time since last request: 0.000026 seconds.
  path: Assets/Models/PolygonFantasyHeroCharacters/Prefabs/Characters_ModularParts_Static/Chr_BackAttachment_04_Static.prefab
  artifactKey: Guid(d0ff877afd3990e44ad3c48c5a8d7a5c) Importer(815301076,1909f56bfc062723c751e8b465ee728b)
Start importing Assets/Models/PolygonFantasyHeroCharacters/Prefabs/Characters_ModularParts_Static/Chr_BackAttachment_04_Static.prefab using Guid(d0ff877afd3990e44ad3c48c5a8d7a5c) Importer(815301076,1909f56bfc062723c751e8b465ee728b) [PhysX] Initialized MultithreadedTaskDispatcher with 16 workers.
[PhysX] Initialized MultithreadedTaskDispatcher with 16 workers.
 -> (artifact id: 'a8d567aef8d9710383656fe1f15fd7ad') in 0.057856 seconds
Number of updated asset objects reloaded before import = 0
Number of asset objects unloaded after import = 27
========================================================================
Received Import Request.
  Time since last request: 0.000019 seconds.
  path: Assets/Models/PolygonFantasyHeroCharacters/Prefabs/Characters_ModularParts_Static/Chr_BackAttachment_06_Static.prefab
  artifactKey: Guid(dd0131f5dd2e4964b90788650c3165f0) Importer(815301076,1909f56bfc062723c751e8b465ee728b)
Start importing Assets/Models/PolygonFantasyHeroCharacters/Prefabs/Characters_ModularParts_Static/Chr_BackAttachment_06_Static.prefab using Guid(dd0131f5dd2e4964b90788650c3165f0) Importer(815301076,1909f56bfc062723c751e8b465ee728b) [PhysX] Initialized MultithreadedTaskDispatcher with 16 workers.
[PhysX] Initialized MultithreadedTaskDispatcher with 16 workers.
 -> (artifact id: '874552715ea88030989cd0981ce8a214') in 0.086344 seconds
Number of updated asset objects reloaded before import = 0
Number of asset objects unloaded after import = 27
========================================================================
Received Import Request.
  Time since last request: 0.117610 seconds.
  path: Assets/Models/PolygonFantasyHeroCharacters/Prefabs/Characters_ModularParts_Static/Chr_ElbowAttachRight_04_Static.prefab
  artifactKey: Guid(fd2458ffa97a41c48800f326d652b1b0) Importer(815301076,1909f56bfc062723c751e8b465ee728b)
Start importing Assets/Models/PolygonFantasyHeroCharacters/Prefabs/Characters_ModularParts_Static/Chr_ElbowAttachRight_04_Static.prefab using Guid(fd2458ffa97a41c48800f326d652b1b0) Importer(815301076,1909f56bfc062723c751e8b465ee728b) [PhysX] Initialized MultithreadedTaskDispatcher with 16 workers.
[PhysX] Initialized MultithreadedTaskDispatcher with 16 workers.
 -> (artifact id: '82460327e35ab008473d66c080e9d576') in 0.074843 seconds
Number of updated asset objects reloaded before import = 0
Number of asset objects unloaded after import = 27
========================================================================
Received Import Request.
  Time since last request: 0.069544 seconds.
  path: Assets/Models/PolygonFantasyHeroCharacters/Prefabs/Characters_ModularParts_Static/Chr_Eyebrow_Female_02_Static.prefab
  artifactKey: Guid(9722e513c4fcbcc4084d5bd829ae24c2) Importer(815301076,1909f56bfc062723c751e8b465ee728b)
Start importing Assets/Models/PolygonFantasyHeroCharacters/Prefabs/Characters_ModularParts_Static/Chr_Eyebrow_Female_02_Static.prefab using Guid(9722e513c4fcbcc4084d5bd829ae24c2) Importer(815301076,1909f56bfc062723c751e8b465ee728b) [PhysX] Initialized MultithreadedTaskDispatcher with 16 workers.
[PhysX] Initialized MultithreadedTaskDispatcher with 16 workers.
 -> (artifact id: 'b87b95afdb166cdeaa6f5d649f211459') in 0.052961 seconds
Number of updated asset objects reloaded before import = 0
Number of asset objects unloaded after import = 27
========================================================================
Received Import Request.
  Time since last request: 1.384071 seconds.
  path: Assets/Models/PolygonFantasyHeroCharacters/Prefabs/Characters_ModularParts_Static/Chr_Eyebrow_Male_03_Static.prefab
  artifactKey: Guid(d63e639fcb6f70d43b7892371e2b96c3) Importer(815301076,1909f56bfc062723c751e8b465ee728b)
Start importing Assets/Models/PolygonFantasyHeroCharacters/Prefabs/Characters_ModularParts_Static/Chr_Eyebrow_Male_03_Static.prefab using Guid(d63e639fcb6f70d43b7892371e2b96c3) Importer(815301076,1909f56bfc062723c751e8b465ee728b) [PhysX] Initialized MultithreadedTaskDispatcher with 16 workers.
[PhysX] Initialized MultithreadedTaskDispatcher with 16 workers.
 -> (artifact id: '88710f245729a5479d4f6018e7266f57') in 0.062544 seconds
Number of updated asset objects reloaded before import = 0
Number of asset objects unloaded after import = 27
========================================================================
Received Import Request.
  Time since last request: 1.014964 seconds.
  path: Assets/Models/PolygonFantasyHeroCharacters/Prefabs/Characters_Presets/Chr_FantasyHero_Preset_113.prefab
  artifactKey: Guid(757a35894f2fe494dbce37fef717ec21) Importer(815301076,1909f56bfc062723c751e8b465ee728b)
Start importing Assets/Models/PolygonFantasyHeroCharacters/Prefabs/Characters_Presets/Chr_FantasyHero_Preset_113.prefab using Guid(757a35894f2fe494dbce37fef717ec21) Importer(815301076,1909f56bfc062723c751e8b465ee728b) [PhysX] Initialized MultithreadedTaskDispatcher with 16 workers.
[PhysX] Initialized MultithreadedTaskDispatcher with 16 workers.
 -> (artifact id: '76d19ad1b133155f6c1b5eed67be1891') in 0.192297 seconds
Number of updated asset objects reloaded before import = 0
Number of asset objects unloaded after import = 3130
========================================================================
Received Import Request.
  Time since last request: 1.421191 seconds.
  path: Assets/Models/PolygonFantasyHeroCharacters/Prefabs/Weapons/SM_Wep_Sword_01.prefab
  artifactKey: Guid(0c14f3ea30af4174ba288b3c2042f665) Importer(815301076,1909f56bfc062723c751e8b465ee728b)
Start importing Assets/Models/PolygonFantasyHeroCharacters/Prefabs/Weapons/SM_Wep_Sword_01.prefab using Guid(0c14f3ea30af4174ba288b3c2042f665) Importer(815301076,1909f56bfc062723c751e8b465ee728b) [PhysX] Initialized MultithreadedTaskDispatcher with 16 workers.
[PhysX] Initialized MultithreadedTaskDispatcher with 16 workers.
 -> (artifact id: 'f0bb5f77946da211c6097aefb6a22cfa') in 0.091612 seconds
Number of updated asset objects reloaded before import = 0
Number of asset objects unloaded after import = 22
========================================================================
Received Import Request.
  Time since last request: 0.000014 seconds.
  path: Assets/Models/PolygonFantasyHeroCharacters/Prefabs/Weapons/SM_Wep_Sword_Small_01.prefab
  artifactKey: Guid(0a5d9b51542336948b7d2a699f71cd8c) Importer(815301076,1909f56bfc062723c751e8b465ee728b)
Start importing Assets/Models/PolygonFantasyHeroCharacters/Prefabs/Weapons/SM_Wep_Sword_Small_01.prefab using Guid(0a5d9b51542336948b7d2a699f71cd8c) Importer(815301076,1909f56bfc062723c751e8b465ee728b) [PhysX] Initialized MultithreadedTaskDispatcher with 16 workers.
[PhysX] Initialized MultithreadedTaskDispatcher with 16 workers.
 -> (artifact id: '9480334944be53875fcde5cb39301277') in 0.030451 seconds
Number of updated asset objects reloaded before import = 0
Number of asset objects unloaded after import = 22
========================================================================
Received Import Request.
  Time since last request: 1.296486 seconds.
  path: Assets/Models/PolygonFantasyHeroCharacters/Prefabs/Weapons/SM_Wep_Shield_Long_15.prefab
  artifactKey: Guid(c84607d7a26eac84ab52511146858b73) Importer(815301076,1909f56bfc062723c751e8b465ee728b)
Start importing Assets/Models/PolygonFantasyHeroCharacters/Prefabs/Weapons/SM_Wep_Shield_Long_15.prefab using Guid(c84607d7a26eac84ab52511146858b73) Importer(815301076,1909f56bfc062723c751e8b465ee728b) [PhysX] Initialized MultithreadedTaskDispatcher with 16 workers.
[PhysX] Initialized MultithreadedTaskDispatcher with 16 workers.
 -> (artifact id: '6eac1083f75121d6dbd27717aec5d950') in 0.049021 seconds
Number of updated asset objects reloaded before import = 0
Number of asset objects unloaded after import = 22
========================================================================
Received Import Request.
  Time since last request: 14.698194 seconds.
  path: Assets/Models/PolygonFantasyHeroCharacters/Prefabs/Weapons/SM_Wep_Shield_Long_10.prefab
  artifactKey: Guid(5a14a93ec980be1498c8c71a9eb9f103) Importer(815301076,1909f56bfc062723c751e8b465ee728b)
Start importing Assets/Models/PolygonFantasyHeroCharacters/Prefabs/Weapons/SM_Wep_Shield_Long_10.prefab using Guid(5a14a93ec980be1498c8c71a9eb9f103) Importer(815301076,1909f56bfc062723c751e8b465ee728b) [PhysX] Initialized MultithreadedTaskDispatcher with 16 workers.
[PhysX] Initialized MultithreadedTaskDispatcher with 16 workers.
 -> (artifact id: 'bd98f0cd5ad1e96c8cd203b738c56bcd') in 0.083038 seconds
Number of updated asset objects reloaded before import = 0
Number of asset objects unloaded after import = 22
========================================================================
Received Import Request.
  Time since last request: 0.875966 seconds.
  path: Assets/Models/PolygonFantasyHeroCharacters/Prefabs/Weapons/SM_Wep_Shield_Long_02.prefab
  artifactKey: Guid(2b45f555d4028804c896ca9db0bfcaca) Importer(815301076,1909f56bfc062723c751e8b465ee728b)
Start importing Assets/Models/PolygonFantasyHeroCharacters/Prefabs/Weapons/SM_Wep_Shield_Long_02.prefab using Guid(2b45f555d4028804c896ca9db0bfcaca) Importer(815301076,1909f56bfc062723c751e8b465ee728b) [PhysX] Initialized MultithreadedTaskDispatcher with 16 workers.
[PhysX] Initialized MultithreadedTaskDispatcher with 16 workers.
 -> (artifact id: '37a8a2bf482326764ea79ad9a9765892') in 0.236325 seconds
Number of updated asset objects reloaded before import = 0
Number of asset objects unloaded after import = 22
========================================================================
Received Import Request.
  Time since last request: 0.054683 seconds.
  path: Assets/Models/PolygonFantasyHeroCharacters/Prefabs/Weapons/SM_Wep_Shield_20.prefab
  artifactKey: Guid(eb838eeecbe944242b5777c1da782ec1) Importer(815301076,1909f56bfc062723c751e8b465ee728b)
Start importing Assets/Models/PolygonFantasyHeroCharacters/Prefabs/Weapons/SM_Wep_Shield_20.prefab using Guid(eb838eeecbe944242b5777c1da782ec1) Importer(815301076,1909f56bfc062723c751e8b465ee728b) [PhysX] Initialized MultithreadedTaskDispatcher with 16 workers.
[PhysX] Initialized MultithreadedTaskDispatcher with 16 workers.
 -> (artifact id: 'd19ecc270bfd1a6c04c484a3c5140010') in 0.042046 seconds
Number of updated asset objects reloaded before import = 0
Number of asset objects unloaded after import = 22
========================================================================
Received Import Request.
  Time since last request: 1.128380 seconds.
  path: Assets/Models/PolygonFantasyHeroCharacters/Prefabs/Weapons/SM_Wep_Shield_04.prefab
  artifactKey: Guid(6304131675f683241b1ab96d2de55c81) Importer(815301076,1909f56bfc062723c751e8b465ee728b)
Start importing Assets/Models/PolygonFantasyHeroCharacters/Prefabs/Weapons/SM_Wep_Shield_04.prefab using Guid(6304131675f683241b1ab96d2de55c81) Importer(815301076,1909f56bfc062723c751e8b465ee728b) [PhysX] Initialized MultithreadedTaskDispatcher with 16 workers.
[PhysX] Initialized MultithreadedTaskDispatcher with 16 workers.
 -> (artifact id: 'ac0ee6fef10be75ac141e09e7bdf843e') in 0.101708 seconds
Number of updated asset objects reloaded before import = 0
Number of asset objects unloaded after import = 22
Editor requested this worker to shutdown with reason: Scaling down because of idle timeout
TcpMessagingSession - receive error: operation aborted. errorcode: 995, details:  I/O 
AssetImportWorker is now disconnected from the server
Process exiting
Exiting without the bug reporter. Application will terminate with return code 0