Using pre-set license
Built from '2022.3/china_unity/release' branch; Version is '2022.3.62f1c1 (b0109b07edb8) revision 11538587'; Using compiler version '192829333'; Build Type 'Release'
OS: 'Windows 11  (10.0.26100) 64bit Professional' Language: 'zh' Physical Memory: 24494 MB
BatchMode: 1, IsHumanControllingUs: 0, StartBugReporterOnCrash: 0, Is64bit: 1, IsPro: 1

COMMAND LINE ARGUMENTS:
D:\RuanJian\2022.3.62f1c1\Editor\Unity.exe
-adb2
-batchMode
-noUpm
-name
AssetImportWorker3
-projectPath
D:/UnityProject/My project
-logFile
Logs/AssetImportWorker3.log
-srvPort
61362
Successfully changed project path to: D:/UnityProject/My project
D:/UnityProject/My project
[UnityMemory] Configuration Parameters - Can be set up in boot.config
    "memorysetup-bucket-allocator-granularity=16"
    "memorysetup-bucket-allocator-bucket-count=8"
    "memorysetup-bucket-allocator-block-size=33554432"
    "memorysetup-bucket-allocator-block-count=8"
    "memorysetup-main-allocator-block-size=16777216"
    "memorysetup-thread-allocator-block-size=16777216"
    "memorysetup-gfx-main-allocator-block-size=16777216"
    "memorysetup-gfx-thread-allocator-block-size=16777216"
    "memorysetup-cache-allocator-block-size=4194304"
    "memorysetup-typetree-allocator-block-size=2097152"
    "memorysetup-profiler-bucket-allocator-granularity=16"
    "memorysetup-profiler-bucket-allocator-bucket-count=8"
    "memorysetup-profiler-bucket-allocator-block-size=33554432"
    "memorysetup-profiler-bucket-allocator-block-count=8"
    "memorysetup-profiler-allocator-block-size=16777216"
    "memorysetup-profiler-editor-allocator-block-size=1048576"
    "memorysetup-temp-allocator-size-main=16777216"
    "memorysetup-job-temp-allocator-block-size=2097152"
    "memorysetup-job-temp-allocator-block-size-background=1048576"
    "memorysetup-job-temp-allocator-reduction-small-platforms=262144"
    "memorysetup-allocator-temp-initial-block-size-main=262144"
    "memorysetup-allocator-temp-initial-block-size-worker=262144"
    "memorysetup-temp-allocator-size-background-worker=32768"
    "memorysetup-temp-allocator-size-job-worker=262144"
    "memorysetup-temp-allocator-size-preload-manager=33554432"
    "memorysetup-temp-allocator-size-nav-mesh-worker=65536"
    "memorysetup-temp-allocator-size-audio-worker=65536"
    "memorysetup-temp-allocator-size-cloud-worker=32768"
    "memorysetup-temp-allocator-size-gi-baking-worker=262144"
    "memorysetup-temp-allocator-size-gfx=262144"
Player connection [31108]  Target information:

Player connection [31108]  * "[IP] 192.168.1.14 [Port] 0 [Flags] 2 [Guid] 1940762165 [EditorId] 1940762165 [Version] 1048832 [Id] WindowsEditor(7,DESKTOP-V3UURET) [Debug] 1 [PackageName] WindowsEditor [ProjectName] Editor" 

Player connection [31108]  * "[IP] 172.18.0.1 [Port] 0 [Flags] 2 [Guid] 1940762165 [EditorId] 1940762165 [Version] 1048832 [Id] WindowsEditor(7,DESKTOP-V3UURET) [Debug] 1 [PackageName] WindowsEditor [ProjectName] Editor" 

Player connection [31108] Host joined multi-casting on [225.0.0.222:54997]...
Player connection [31108] Host joined alternative multi-casting on [225.0.0.222:34997]...
Input System module state changed to: Initialized.
[PhysX] Initialized MultithreadedTaskDispatcher with 16 workers.
Refreshing native plugins compatible for Editor in 16.90 ms, found 3 plugins.
Preloading 0 native plugins for Editor in 0.00 ms.
Initialize engine version: 2022.3.62f1c1 (b0109b07edb8)
[Subsystems] Discovering subsystems at path D:/RuanJian/2022.3.62f1c1/Editor/Data/Resources/UnitySubsystems
[Subsystems] Discovering subsystems at path D:/UnityProject/My project/Assets
GfxDevice: creating device client; threaded=0; jobified=0
Direct3D:
    Version:  Direct3D 11.0 [level 11.1]
    Renderer: NVIDIA GeForce RTX 3060 Ti (ID=0x2486)
    Vendor:   NVIDIA
    VRAM:     8024 MB
    Driver:   32.0.15.8129
Initialize mono
Mono path[0] = 'D:/RuanJian/2022.3.62f1c1/Editor/Data/Managed'
Mono path[1] = 'D:/RuanJian/2022.3.62f1c1/Editor/Data/MonoBleedingEdge/lib/mono/unityjit-win32'
Mono config path = 'D:/RuanJian/2022.3.62f1c1/Editor/Data/MonoBleedingEdge/etc'
Using monoOptions --debugger-agent=transport=dt_socket,embedding=1,server=y,suspend=n,address=127.0.0.1:56916
Begin MonoManager ReloadAssembly
Registering precompiled unity dll's ...
Register platform support module: D:/RuanJian/2022.3.62f1c1/Editor/Data/PlaybackEngines/AndroidPlayer/UnityEditor.Android.Extensions.dll
Register platform support module: D:/RuanJian/2022.3.62f1c1/Editor/Data/PlaybackEngines/iOSSupport/UnityEditor.iOS.Extensions.dll
Register platform support module: D:/RuanJian/2022.3.62f1c1/Editor/Data/PlaybackEngines/WindowsStandaloneSupport/UnityEditor.WindowsStandalone.Extensions.dll
Registered in 0.009810 seconds.
- Loaded All Assemblies, in  0.356 seconds
Native extension for WindowsStandalone target not found
[usbmuxd] Start listen thread
[usbmuxd] Listen thread started
Native extension for iOS target not found
Native extension for Android target not found
Android Extension - Scanning For ADB Devices 372 ms
Mono: successfully reloaded assembly
- Finished resetting the current domain, in  0.684 seconds
Domain Reload Profiling: 1038ms
	BeginReloadAssembly (99ms)
		ExecutionOrderSort (0ms)
		DisableScriptedObjects (0ms)
		BackupInstance (0ms)
		ReleaseScriptingObjects (0ms)
		CreateAndSetChildDomain (1ms)
	RebuildCommonClasses (35ms)
	RebuildNativeTypeToScriptingClass (10ms)
	initialDomainReloadingComplete (55ms)
	LoadAllAssembliesAndSetupDomain (155ms)
		LoadAssemblies (98ms)
		RebuildTransferFunctionScriptingTraits (0ms)
		AnalyzeDomain (152ms)
			TypeCache.Refresh (151ms)
				TypeCache.ScanAssembly (138ms)
			ScanForSourceGeneratedMonoScriptInfo (0ms)
			ResolveRequiredComponents (0ms)
	FinalizeReload (684ms)
		ReleaseScriptCaches (0ms)
		RebuildScriptCaches (0ms)
		SetupLoadedEditorAssemblies (640ms)
			LogAssemblyErrors (0ms)
			InitializePlatformSupportModulesInManaged (464ms)
			SetLoadedEditorAssemblies (5ms)
			RefreshPlugins (0ms)
			BeforeProcessingInitializeOnLoad (3ms)
			ProcessInitializeOnLoadAttributes (121ms)
			ProcessInitializeOnLoadMethodAttributes (46ms)
			AfterProcessingInitializeOnLoad (0ms)
			EditorAssembliesLoaded (0ms)
		ExecutionOrderSort2 (0ms)
		AwakeInstancesAfterBackupRestoration (0ms)
========================================================================
Worker process is ready to serve import requests
Caller must complete domain reload
Begin MonoManager ReloadAssembly
- Loaded All Assemblies, in  0.671 seconds
Native extension for WindowsStandalone target not found
Native extension for iOS target not found
Native extension for Android target not found
Mono: successfully reloaded assembly
- Finished resetting the current domain, in  0.924 seconds
Domain Reload Profiling: 1593ms
	BeginReloadAssembly (122ms)
		ExecutionOrderSort (0ms)
		DisableScriptedObjects (5ms)
		BackupInstance (0ms)
		ReleaseScriptingObjects (0ms)
		CreateAndSetChildDomain (19ms)
	RebuildCommonClasses (31ms)
	RebuildNativeTypeToScriptingClass (14ms)
	initialDomainReloadingComplete (35ms)
	LoadAllAssembliesAndSetupDomain (467ms)
		LoadAssemblies (259ms)
		RebuildTransferFunctionScriptingTraits (0ms)
		AnalyzeDomain (275ms)
			TypeCache.Refresh (231ms)
				TypeCache.ScanAssembly (214ms)
			ScanForSourceGeneratedMonoScriptInfo (31ms)
			ResolveRequiredComponents (11ms)
	FinalizeReload (925ms)
		ReleaseScriptCaches (0ms)
		RebuildScriptCaches (0ms)
		SetupLoadedEditorAssemblies (730ms)
			LogAssemblyErrors (0ms)
			InitializePlatformSupportModulesInManaged (30ms)
			SetLoadedEditorAssemblies (6ms)
			RefreshPlugins (0ms)
			BeforeProcessingInitializeOnLoad (87ms)
			ProcessInitializeOnLoadAttributes (552ms)
			ProcessInitializeOnLoadMethodAttributes (51ms)
			AfterProcessingInitializeOnLoad (5ms)
			EditorAssembliesLoaded (0ms)
		ExecutionOrderSort2 (0ms)
		AwakeInstancesAfterBackupRestoration (6ms)
WARNING: Shader Unsupported: 'Hidden/Universal Render Pipeline/Terrain/Lit (Base Pass)' - All subshaders removed
WARNING: Shader Did you use #pragma only_renderers and omit this platform?
WARNING: Shader If subshaders removal was intentional, you may have forgotten turning Fallback off?
WARNING: Shader Unsupported: 'Hidden/Universal Render Pipeline/Terrain/Lit (Base Pass)' - All subshaders removed
WARNING: Shader Did you use #pragma only_renderers and omit this platform?
WARNING: Shader If subshaders removal was intentional, you may have forgotten turning Fallback off?
WARNING: Shader Unsupported: 'Universal Render Pipeline/Terrain/Lit' - All subshaders removed
WARNING: Shader Did you use #pragma only_renderers and omit this platform?
WARNING: Shader If subshaders removal was intentional, you may have forgotten turning Fallback off?
WARNING: Shader Unsupported: 'Universal Render Pipeline/Terrain/Lit' - All subshaders removed
WARNING: Shader Did you use #pragma only_renderers and omit this platform?
WARNING: Shader If subshaders removal was intentional, you may have forgotten turning Fallback off?
Launched and connected shader compiler UnityShaderCompiler.exe after 0.06 seconds
Refreshing native plugins compatible for Editor in 3.78 ms, found 3 plugins.
Preloading 0 native plugins for Editor in 0.00 ms.
Unloading 6333 Unused Serialized files (Serialized files now loaded: 0)
Unloading 45 unused Assets / (1.6 MB). Loaded Objects now: 6794.
Memory consumption went from 232.6 MB to 231.0 MB.
Total: 4.035500 ms (FindLiveObjects: 0.473700 ms CreateObjectMapping: 0.423800 ms MarkObjects: 2.722100 ms  DeleteObjects: 0.414800 ms)

AssetImportParameters requested are different than current active one (requested -> active):
  custom:container-demuxer-ogg: 62fdf1f143b41e24485cea50d1cbac27 -> 
  custom:framework-win-MediaFoundation: 216162199b28c13a410421893ffa2e32 -> 
  custom:container-muxer-webm: aa71ff27fc2769a1b78a27578f13a17b -> 
  custom:video-decoder-webm-vp8: 9c59270c3fd7afecdb556c50c9e8de78 -> 
  custom:SearchIndexIgnoredProperties: e643bd26f0fe6173181afceb89e7c659 -> 
  custom:AudioImporter_EditorPlatform: d09bf68614088b80899f8185d706f6e7 -> 
  custom:audio-decoder-ogg-vorbis: bf7c407c2cedff20999df2af8eb42d56 -> 
  custom:audio-encoder-webm-vorbis: bf7c407c2cedff20999df2af8eb42d56 -> 
  custom:video-decoder-ogg-theora: a1e56fd34408186e4bbccfd4996cb3dc -> 
  custom:CustomObjectIndexerAttribute: 72b91833f83ae208fae7752999fa3104 -> 
  custom:container-demuxer-webm: 4f35f7cbe854078d1ac9338744f61a02 -> 
  custom:video-encoder-webm-vp8: eb34c28f22e8b96e1ab97ce403110664 -> 
========================================================================
Received Import Request.
  Time since last request: 26820.006095 seconds.
  path: Assets/Models/PolygonFantasyHeroCharacters/Prefabs/Characters_ModularParts_Static/Chr_ArmUpperRight_Male_00_Static.prefab
  artifactKey: Guid(aae8b098e80fcc34cac7af315ac3aac8) Importer(815301076,1909f56bfc062723c751e8b465ee728b)
Start importing Assets/Models/PolygonFantasyHeroCharacters/Prefabs/Characters_ModularParts_Static/Chr_ArmUpperRight_Male_00_Static.prefab using Guid(aae8b098e80fcc34cac7af315ac3aac8) Importer(815301076,1909f56bfc062723c751e8b465ee728b) [PhysX] Initialized MultithreadedTaskDispatcher with 16 workers.
[PhysX] Initialized MultithreadedTaskDispatcher with 16 workers.
 -> (artifact id: '528887389849671389a8daa1b23f7d51') in 0.441872 seconds
Number of updated asset objects reloaded before import = 0
Number of asset objects unloaded after import = 27
========================================================================
Received Import Request.
  Time since last request: 0.000018 seconds.
  path: Assets/Models/PolygonFantasyHeroCharacters/Prefabs/Characters_ModularParts_Static/Chr_BackAttachment_02_Static.prefab
  artifactKey: Guid(50eaea1811365cb458454225bb62e89a) Importer(815301076,1909f56bfc062723c751e8b465ee728b)
Start importing Assets/Models/PolygonFantasyHeroCharacters/Prefabs/Characters_ModularParts_Static/Chr_BackAttachment_02_Static.prefab using Guid(50eaea1811365cb458454225bb62e89a) Importer(815301076,1909f56bfc062723c751e8b465ee728b) [PhysX] Initialized MultithreadedTaskDispatcher with 16 workers.
[PhysX] Initialized MultithreadedTaskDispatcher with 16 workers.
 -> (artifact id: '9eb40263835017bb182b2cec6b34ad6a') in 0.071278 seconds
Number of updated asset objects reloaded before import = 0
Number of asset objects unloaded after import = 27
========================================================================
Received Import Request.
  Time since last request: 0.000047 seconds.
  path: Assets/Models/PolygonFantasyHeroCharacters/Prefabs/Characters_ModularParts_Static/Chr_ArmUpperRight_Male_18_Static.prefab
  artifactKey: Guid(c631bd1d1e5eecc44ad218b95f14540a) Importer(815301076,1909f56bfc062723c751e8b465ee728b)
Start importing Assets/Models/PolygonFantasyHeroCharacters/Prefabs/Characters_ModularParts_Static/Chr_ArmUpperRight_Male_18_Static.prefab using Guid(c631bd1d1e5eecc44ad218b95f14540a) Importer(815301076,1909f56bfc062723c751e8b465ee728b) [PhysX] Initialized MultithreadedTaskDispatcher with 16 workers.
[PhysX] Initialized MultithreadedTaskDispatcher with 16 workers.
 -> (artifact id: 'f6910dd269e4de4f228d448499cb5103') in 0.061599 seconds
Number of updated asset objects reloaded before import = 0
Number of asset objects unloaded after import = 27
========================================================================
Received Import Request.
  Time since last request: 0.001800 seconds.
  path: Assets/Models/PolygonFantasyHeroCharacters/Prefabs/Characters_ModularParts_Static/Chr_BackAttachment_07_Static.prefab
  artifactKey: Guid(4a9462d17bd1e0b48957a7368d296d14) Importer(815301076,1909f56bfc062723c751e8b465ee728b)
Start importing Assets/Models/PolygonFantasyHeroCharacters/Prefabs/Characters_ModularParts_Static/Chr_BackAttachment_07_Static.prefab using Guid(4a9462d17bd1e0b48957a7368d296d14) Importer(815301076,1909f56bfc062723c751e8b465ee728b) [PhysX] Initialized MultithreadedTaskDispatcher with 16 workers.
[PhysX] Initialized MultithreadedTaskDispatcher with 16 workers.
 -> (artifact id: 'c64b63c2a6798906cfed91b0ccbd4817') in 0.179948 seconds
Number of updated asset objects reloaded before import = 0
Number of asset objects unloaded after import = 27
========================================================================
Received Import Request.
  Time since last request: 0.073885 seconds.
  path: Assets/Models/PolygonFantasyHeroCharacters/Prefabs/Characters_ModularParts_Static/Chr_ElbowAttachRight_05_Static.prefab
  artifactKey: Guid(9cbfa0fffebf4ca45919b25fc0b1d653) Importer(815301076,1909f56bfc062723c751e8b465ee728b)
Start importing Assets/Models/PolygonFantasyHeroCharacters/Prefabs/Characters_ModularParts_Static/Chr_ElbowAttachRight_05_Static.prefab using Guid(9cbfa0fffebf4ca45919b25fc0b1d653) Importer(815301076,1909f56bfc062723c751e8b465ee728b) [PhysX] Initialized MultithreadedTaskDispatcher with 16 workers.
[PhysX] Initialized MultithreadedTaskDispatcher with 16 workers.
 -> (artifact id: '6664aedf165133ee8883c2d3a53de32f') in 0.063492 seconds
Number of updated asset objects reloaded before import = 0
Number of asset objects unloaded after import = 27
========================================================================
Received Import Request.
  Time since last request: 0.059237 seconds.
  path: Assets/Models/PolygonFantasyHeroCharacters/Prefabs/Characters_ModularParts_Static/Chr_Eyebrow_Female_05_Static.prefab
  artifactKey: Guid(216c96e8d9a3f8647a9bb2ab51cdeeab) Importer(815301076,1909f56bfc062723c751e8b465ee728b)
Start importing Assets/Models/PolygonFantasyHeroCharacters/Prefabs/Characters_ModularParts_Static/Chr_Eyebrow_Female_05_Static.prefab using Guid(216c96e8d9a3f8647a9bb2ab51cdeeab) Importer(815301076,1909f56bfc062723c751e8b465ee728b) [PhysX] Initialized MultithreadedTaskDispatcher with 16 workers.
[PhysX] Initialized MultithreadedTaskDispatcher with 16 workers.
 -> (artifact id: '2e8ed6518288c36b3f6c2ec26b5fcf1d') in 0.035817 seconds
Number of updated asset objects reloaded before import = 0
Number of asset objects unloaded after import = 27
========================================================================
Received Import Request.
  Time since last request: 2.516412 seconds.
  path: Assets/Models/PolygonFantasyHeroCharacters/Prefabs/Characters_Presets/Chr_FantasyHero_Preset_115.prefab
  artifactKey: Guid(e294157ff5887924b9be410e3f68c000) Importer(815301076,1909f56bfc062723c751e8b465ee728b)
Start importing Assets/Models/PolygonFantasyHeroCharacters/Prefabs/Characters_Presets/Chr_FantasyHero_Preset_115.prefab using Guid(e294157ff5887924b9be410e3f68c000) Importer(815301076,1909f56bfc062723c751e8b465ee728b) [PhysX] Initialized MultithreadedTaskDispatcher with 16 workers.
[PhysX] Initialized MultithreadedTaskDispatcher with 16 workers.
 -> (artifact id: '60cdb6381a19e9bd241b613f1d214e6b') in 0.185115 seconds
Number of updated asset objects reloaded before import = 0
Number of asset objects unloaded after import = 3130
========================================================================
Received Import Request.
  Time since last request: 1.360637 seconds.
  path: Assets/Models/PolygonFantasyHeroCharacters/Prefabs/Weapons/SM_Wep_Sword_Cover_01.prefab
  artifactKey: Guid(cdcd31ac69744ec4d928e5d032e933a4) Importer(815301076,1909f56bfc062723c751e8b465ee728b)
Start importing Assets/Models/PolygonFantasyHeroCharacters/Prefabs/Weapons/SM_Wep_Sword_Cover_01.prefab using Guid(cdcd31ac69744ec4d928e5d032e933a4) Importer(815301076,1909f56bfc062723c751e8b465ee728b) [PhysX] Initialized MultithreadedTaskDispatcher with 16 workers.
[PhysX] Initialized MultithreadedTaskDispatcher with 16 workers.
 -> (artifact id: 'b01667669c8de4cab8555fd63407cd71') in 0.070288 seconds
Number of updated asset objects reloaded before import = 0
Number of asset objects unloaded after import = 22
========================================================================
Received Import Request.
  Time since last request: 0.000031 seconds.
  path: Assets/Models/PolygonFantasyHeroCharacters/Prefabs/Weapons/SM_Wep_Sword_Large_01.prefab
  artifactKey: Guid(892122ee87fc15149bc82d7f9d2cdb9f) Importer(815301076,1909f56bfc062723c751e8b465ee728b)
Start importing Assets/Models/PolygonFantasyHeroCharacters/Prefabs/Weapons/SM_Wep_Sword_Large_01.prefab using Guid(892122ee87fc15149bc82d7f9d2cdb9f) Importer(815301076,1909f56bfc062723c751e8b465ee728b) [PhysX] Initialized MultithreadedTaskDispatcher with 16 workers.
[PhysX] Initialized MultithreadedTaskDispatcher with 16 workers.
 -> (artifact id: '87a11dd9e2b234b7ddf795b26db2af89') in 0.033305 seconds
Number of updated asset objects reloaded before import = 0
Number of asset objects unloaded after import = 22
========================================================================
Received Import Request.
  Time since last request: 17.344785 seconds.
  path: Assets/Models/PolygonFantasyHeroCharacters/Prefabs/Weapons/SM_Wep_Shield_16.prefab
  artifactKey: Guid(fe6f551a9a6401f4ca5660bdf84707a8) Importer(815301076,1909f56bfc062723c751e8b465ee728b)
Start importing Assets/Models/PolygonFantasyHeroCharacters/Prefabs/Weapons/SM_Wep_Shield_16.prefab using Guid(fe6f551a9a6401f4ca5660bdf84707a8) Importer(815301076,1909f56bfc062723c751e8b465ee728b) [PhysX] Initialized MultithreadedTaskDispatcher with 16 workers.
[PhysX] Initialized MultithreadedTaskDispatcher with 16 workers.
 -> (artifact id: '30f917ba1eb958502baf2c0a43a97f73') in 0.088226 seconds
Number of updated asset objects reloaded before import = 0
Number of asset objects unloaded after import = 22
Editor requested this worker to shutdown with reason: Scaling down because of idle timeout
TcpMessagingSession - receive error: operation aborted. errorcode: 995, details: 由于线程退出或应用程序请求，已中止 I/O 操作。
AssetImportWorker is now disconnected from the server
Process exiting
Exiting without the bug reporter. Application will terminate with return code 0